# JRE version: OpenJDK Runtime Environment (Red_Hat-11.0.20.0.8-1.amzn2.0.1) (11.0.20+8) (build 11.0.20+8-LTS)
# Java VM: OpenJDK 64-Bit Server VM (Red_Hat-11.0.20.0.8-1.amzn2.0.1) (11.0.20+8-LTS, mixed mode, sharing, tiered, compressed oops, g1 gc, linux-amd64)
Heap:
 garbage-first heap   total 685056K, used 5059K [0x00000000c3000000, 0x0000000100000000)
  region size 1024K, 1 young (1024K), 1 survivors (1024K)
 Metaspace       used 10751K, capacity 11265K, committed 11520K, reserved 1058816K
  class space    used 1205K, capacity 1428K, committed 1536K, reserved 1048576K
GC Heap History (20 events):
Event: 114.211 GC heap after
{Heap after GC invocations=2819 (full 0):
 garbage-first heap   total 606208K, used 5059K [0x00000000c3000000, 0x0000000100000000)
  region size 1024K, 1 young (1024K), 1 survivors (1024K)
 Metaspace       used 10751K, capacity 11265K, committed 11520K, reserved 1058816K
  class space    used 1205K, capacity 1428K, committed 1536K, reserved 1048576K
}
Event: 114.272 GC heap before
{Heap before GC invocations=2820 (full 0):
 garbage-first heap   total 606208K, used 270275K [0x00000000c3000000, 0x0000000100000000)
  region size 1024K, 2 young (2048K), 1 survivors (1024K)
 Metaspace       used 10751K, capacity 11265K, committed 11520K, reserved 1058816K
  class space    used 1205K, capacity 1428K, committed 1536K, reserved 1048576K
}
Event: 114.275 GC heap after
{Heap after GC invocations=2821 (full 0):
 garbage-first heap   total 606208K, used 5059K [0x00000000c3000000, 0x0000000100000000)
  region size 1024K, 1 young (1024K), 1 survivors (1024K)
 Metaspace       used 10751K, capacity 11265K, committed 11520K, reserved 1058816K
  class space    used 1205K, capacity 1428K, committed 1536K, reserved 1048576K
}
Event: 114.347 GC heap before
{Heap before GC invocations=2822 (full 0):
 garbage-first heap   total 606208K, used 270275K [0x00000000c3000000, 0x0000000100000000)
  region size 1024K, 2 young (2048K), 1 survivors (1024K)
 Metaspace       used 10751K, capacity 11265K, committed 11520K, reserved 1058816K
  class space    used 1205K, capacity 1428K, committed 1536K, reserved 1048576K
}
Event: 114.355 GC heap after
{Heap after GC invocations=2823 (full 0):
 garbage-first heap   total 606208K, used 5059K [0x00000000c3000000, 0x0000000100000000)
  region size 1024K, 1 young (1024K), 1 survivors (1024K)
 Metaspace       used 10751K, capacity 11265K, committed 11520K, reserved 1058816K
  class space    used 1205K, capacity 1428K, committed 1536K, reserved 1048576K
}
Event: 114.425 GC heap before
{Heap before GC invocations=2824 (full 0):
 garbage-first heap   total 606208K, used 270275K [0x00000000c3000000, 0x0000000100000000)
  region size 1024K, 2 young (2048K), 1 survivors (1024K)
 Metaspace       used 10751K, capacity 11265K, committed 11520K, reserved 1058816K
  class space    used 1205K, capacity 1428K, committed 1536K, reserved 1048576K
}
Event: 114.427 GC heap after
{Heap after GC invocations=2825 (full 0):
 garbage-first heap   total 606208K, used 5059K [0x00000000c3000000, 0x0000000100000000)
  region size 1024K, 1 young (1024K), 1 survivors (1024K)
 Metaspace       used 10751K, capacity 11265K, committed 11520K, reserved 1058816K
  class space    used 1205K, capacity 1428K, committed 1536K, reserved 1048576K
}
Event: 114.544 GC heap before
{Heap before GC invocations=2826 (full 0):
 garbage-first heap   total 606208K, used 270275K [0x00000000c3000000, 0x0000000100000000)
  region size 1024K, 2 young (2048K), 1 survivors (1024K)
 Metaspace       used 10751K, capacity 11265K, committed 11520K, reserved 1058816K
  class space    used 1205K, capacity 1428K, committed 1536K, reserved 1048576K
}
Event: 114.546 GC heap after
{Heap after GC invocations=2827 (full 0):
 garbage-first heap   total 606208K, used 5059K [0x00000000c3000000, 0x0000000100000000)
  region size 1024K, 1 young (1024K), 1 survivors (1024K)
 Metaspace       used 10751K, capacity 11265K, committed 11520K, reserved 1058816K
  class space    used 1205K, capacity 1428K, committed 1536K, reserved 1048576K
}
Event: 114.626 GC heap before
{Heap before GC invocations=2828 (full 0):
 garbage-first heap   total 606208K, used 270275K [0x00000000c3000000, 0x0000000100000000)
  region size 1024K, 2 young (2048K), 1 survivors (1024K)
 Metaspace       used 10751K, capacity 11265K, committed 11520K, reserved 1058816K
  class space    used 1205K, capacity 1428K, committed 1536K, reserved 1048576K
}
Event: 114.628 GC heap after
{Heap after GC invocations=2829 (full 0):
 garbage-first heap   total 606208K, used 5059K [0x00000000c3000000, 0x0000000100000000)
  region size 1024K, 1 young (1024K), 1 survivors (1024K)
 Metaspace       used 10751K, capacity 11265K, committed 11520K, reserved 1058816K
  class space    used 1205K, capacity 1428K, committed 1536K, reserved 1048576K
}
Event: 114.778 GC heap before
{Heap before GC invocations=2830 (full 0):
 garbage-first heap   total 606208K, used 270275K [0x00000000c3000000, 0x0000000100000000)
  region size 1024K, 2 young (2048K), 1 survivors (1024K)
 Metaspace       used 10751K, capacity 11265K, committed 11520K, reserved 1058816K
  class space    used 1205K, capacity 1428K, committed 1536K, reserved 1048576K
}
Event: 114.800 GC heap after
{Heap after GC invocations=2831 (full 0):
 garbage-first heap   total 606208K, used 5059K [0x00000000c3000000, 0x0000000100000000)
  region size 1024K, 1 young (1024K), 1 survivors (1024K)
 Metaspace       used 10751K, capacity 11265K, committed 11520K, reserved 1058816K
  class space    used 1205K, capacity 1428K, committed 1536K, reserved 1048576K
}
Event: 114.900 GC heap before
{Heap before GC invocations=2832 (full 0):
 garbage-first heap   total 606208K, used 270275K [0x00000000c3000000, 0x0000000100000000)
  region size 1024K, 2 young (2048K), 1 survivors (1024K)
 Metaspace       used 10751K, capacity 11265K, committed 11520K, reserved 1058816K
  class space    used 1205K, capacity 1428K, committed 1536K, reserved 1048576K
}
Event: 114.902 GC heap after
{Heap after GC invocations=2833 (full 0):
 garbage-first heap   total 606208K, used 5059K [0x00000000c3000000, 0x0000000100000000)
  region size 1024K, 1 young (1024K), 1 survivors (1024K)
 Metaspace       used 10751K, capacity 11265K, committed 11520K, reserved 1058816K
  class space    used 1205K, capacity 1428K, committed 1536K, reserved 1048576K
}
Event: 114.994 GC heap before
{Heap before GC invocations=2834 (full 0):
 garbage-first heap   total 606208K, used 270275K [0x00000000c3000000, 0x0000000100000000)
  region size 1024K, 2 young (2048K), 1 survivors (1024K)
 Metaspace       used 10751K, capacity 11265K, committed 11520K, reserved 1058816K
  class space    used 1205K, capacity 1428K, committed 1536K, reserved 1048576K
}
Event: 114.996 GC heap after
{Heap after GC invocations=2835 (full 0):
 garbage-first heap   total 606208K, used 5059K [0x00000000c3000000, 0x0000000100000000)
  region size 1024K, 1 young (1024K), 1 survivors (1024K)
 Metaspace       used 10751K, capacity 11265K, committed 11520K, reserved 1058816K
  class space    used 1205K, capacity 1428K, committed 1536K, reserved 1048576K
}
Event: 115.109 GC heap before
{Heap before GC invocations=2836 (full 0):
 garbage-first heap   total 606208K, used 293827K [0x00000000c3000000, 0x0000000100000000)
  region size 1024K, 2 young (2048K), 1 survivors (1024K)
 Metaspace       used 10751K, capacity 11265K, committed 11520K, reserved 1058816K
  class space    used 1205K, capacity 1428K, committed 1536K, reserved 1048576K
}
Event: 115.120 GC heap after
{Heap after GC invocations=2837 (full 0):
 garbage-first heap   total 606208K, used 5059K [0x00000000c3000000, 0x0000000100000000)
  region size 1024K, 1 young (1024K), 1 survivors (1024K)
 Metaspace       used 10751K, capacity 11265K, committed 11520K, reserved 1058816K
  class space    used 1205K, capacity 1428K, committed 1536K, reserved 1048576K
}
Event: 115.239 GC heap before
{Heap before GC invocations=2838 (full 0):
 garbage-first heap   total 606208K, used 270275K [0x00000000c3000000, 0x0000000100000000)
  region size 1024K, 2 young (2048K), 1 survivors (1024K)
 Metaspace       used 10751K, capacity 11265K, committed 11520K, reserved 1058816K
  class space    used 1205K, capacity 1428K, committed 1536K, reserved 1048576K
}

